This is pdfTeX, Version 3.14159265-2.6-1.40.18 (TeX Live 2017/Debian) (preloaded format=pdflatex 2019.12.2)  12 DEC 2019 09:05
entering extended mode
 restricted \write18 enabled.
 file:line:error style messages enabled.
 %&-line parsing enabled.
**/home/zean/latex/cheat_sheet/Freedman_LaTeXCheatSheet.tex
(/home/zean/latex/cheat_sheet/Freedman_LaTeXCheatSheet.tex
LaTeX2e <2017-04-15>
Babel <3.18> and hyphenation patterns for 84 language(s) loaded.
(/usr/share/texlive/texmf-dist/tex/latex/base/article.cls
Document Class: article 2014/09/29 v1.4h Standard LaTeX document class
(/usr/share/texlive/texmf-dist/tex/latex/base/size10.clo
File: size10.clo 2014/09/29 v1.4h Standard LaTeX file (size option)
)
\c@part=\count79
\c@section=\count80
\c@subsection=\count81
\c@subsubsection=\count82
\c@paragraph=\count83
\c@subparagraph=\count84
\c@figure=\count85
\c@table=\count86
\abovecaptionskip=\skip41
\belowcaptionskip=\skip42
\bibindent=\dimen102
) (/usr/share/texlive/texmf-dist/tex/generic/ulem/ulem.sty
\UL@box=\box26
\UL@hyphenbox=\box27
\UL@skip=\skip43
\UL@hook=\toks14
\UL@height=\dimen103
\UL@pe=\count87
\UL@pixel=\dimen104
\ULC@box=\box28
Package: ulem 2012/05/18
\ULdepth=\dimen105
) (/home/zean/latex/cheat_sheet/Freedman_LaTeXCheatSheet.aux)
\openout1 = `Freedman_LaTeXCheatSheet.aux'.

LaTeX Font Info:    Checking defaults for OML/cmm/m/it on input line 11.
LaTeX Font Info:    ... okay on input line 11.
LaTeX Font Info:    Checking defaults for T1/cmr/m/n on input line 11.
LaTeX Font Info:    ... okay on input line 11.
LaTeX Font Info:    Checking defaults for OT1/cmr/m/n on input line 11.
LaTeX Font Info:    ... okay on input line 11.
LaTeX Font Info:    Checking defaults for OMS/cmsy/m/n on input line 11.
LaTeX Font Info:    ... okay on input line 11.
LaTeX Font Info:    Checking defaults for OMX/cmex/m/n on input line 11.
LaTeX Font Info:    ... okay on input line 11.
LaTeX Font Info:    Checking defaults for U/cmr/m/n on input line 11.
LaTeX Font Info:    ... okay on input line 11.
LaTeX Font Info:    External font `cmex10' loaded for size
(Font)              <12> on input line 12.
LaTeX Font Info:    External font `cmex10' loaded for size
(Font)              <8> on input line 12.
LaTeX Font Info:    External font `cmex10' loaded for size
(Font)              <6> on input line 12.

Overfull \hbox (136.26323pt too wide) in paragraph at lines 12--12
 [][] 
 []

(/home/zean/latex/cheat_sheet/Freedman_LaTeXCheatSheet.toc
LaTeX Font Info:    External font `cmex10' loaded for size
(Font)              <7> on input line 2.
LaTeX Font Info:    External font `cmex10' loaded for size
(Font)              <5> on input line 2.
)
\tf@toc=\write3
\openout3 = `Freedman_LaTeXCheatSheet.toc'.

 [1

{/var/lib/texmf/fonts/map/pdftex/updmap/pdftex.map}]
LaTeX Font Info:    Try loading font information for OMS+cmr on input line 26.
 (/usr/share/texlive/texmf-dist/tex/latex/base/omscmr.fd
File: omscmr.fd 2014/09/29 v2.5h Standard LaTeX font definitions
)
LaTeX Font Info:    Font shape `OMS/cmr/m/n' in size <10> not available
(Font)              Font shape `OMS/cmsy/m/n' tried instead on input line 26.
 [2]
Overfull \hbox (43.49661pt too wide) in paragraph at lines 56--56
[]\OT1/cmtt/m/n/10 \{verbatim\} types everything character for character, including commands.[] 
 []


Overfull \hbox (59.24648pt too wide) in paragraph at lines 56--56
[]\OT1/cmtt/m/n/10 This is great for typing program code since there are so many special symbols[] 
 []

[3]
Overfull \hbox (69.74638pt too wide) in paragraph at lines 56--56
[]\OT1/cmtt/m/n/10 that would have been escaped.  Notice that we should not have escaped the curly[] 
 []


Overfull \hbox (17.24684pt too wide) in paragraph at lines 56--56
[]\OT1/cmtt/m/n/10 braces around the word `verbatim' and been more careful with margins.[] 
 []

LaTeX Font Info:    Font shape `OMS/cmr/m/n' in size <5> not available
(Font)              Font shape `OMS/cmsy/m/n' tried instead on input line 58.
LaTeX Font Info:    Font shape `OMS/cmr/m/n' in size <20.74> not available
(Font)              Font shape `OMS/cmsy/m/n' tried instead on input line 61.

Overfull \hbox (10.9729pt too wide) in paragraph at lines 72--73
[]\OT1/cmr/m/n/10 The pa-per it-self is bounded be-tween $\OMS/cmsy/m/n/10 n$\OT1/cmr/m/n/10 begin\OMS/cmsy/m/n/10 f\OT1/cmr/m/n/10 document\OMS/cmsy/m/n/10 g \OT1/cmr/m/n/10 and $\OMS/cmsy/m/n/10 n$\OT1/cmr/m/n/10 end\OMS/cmsy/m/n/10 f\OT1/cmr/m/n/10 document\OMS/cmsy/m/n/10 g
 []

[4] [5]
Overfull \hbox (2.96321pt too wide) in paragraph at lines 113--114
[]$\OMS/cmsy/m/n/10 n$\OT1/cmr/m/n/10 frac\OMS/cmsy/m/n/10 f\OT1/cmr/m/n/10 numerator\OMS/cmsy/m/n/10 gf\OT1/cmr/m/n/10 denominator\OMS/cmsy/m/n/10 g \OT1/cmr/m/n/10 makes a frac-tion like $[]$ when given \OMS/cmsy/m/n/10 f\OT1/cmr/m/n/10 x\OMS/cmsy/m/n/10 gf\OT1/cmr/m/n/10 y\OMS/cmsy/m/n/10 g 
 []

[6]
Overfull \hbox (126.47285pt too wide) in paragraph at lines 123--136
[][]
 []

LaTeX Font Info:    Font shape `OMS/cmr/bx/n' in size <10> not available
(Font)              Font shape `OMS/cmsy/b/n' tried instead on input line 141.

Overfull \hbox (15.88966pt too wide) in paragraph at lines 149--150
[]$\OMS/cmsy/m/n/10 n$\OT1/cmr/m/n/10 usepackage\OMS/cmsy/m/n/10 f\OT1/cmr/m/n/10 amsmath\OMS/cmsy/m/n/10 g\OT1/cmr/m/n/10 , $\OMS/cmsy/m/n/10 n$\OT1/cmr/m/n/10 usepackage\OMS/cmsy/m/n/10 f\OT1/cmr/m/n/10 amsfonts\OMS/cmsy/m/n/10 g\OT1/cmr/m/n/10 , and $\OMS/cmsy/m/n/10 n$\OT1/cmr/m/n/10 usepackage\OMS/cmsy/m/n/10 f\OT1/cmr/m/n/10 amssymb\OMS/cmsy/m/n/10 g
 []

[7]
Overfull \hbox (3.52843pt too wide) in paragraph at lines 150--151
[]$\OMS/cmsy/m/n/10 n$\OT1/cmr/m/n/10 usepackage[margin=XX]\OMS/cmsy/m/n/10 f\OT1/cmr/m/n/10 geometry\OMS/cmsy/m/n/10 g \OT1/cmr/m/n/10 can cheat the mar-gins when you want
 []

[8] [9] [10] (/home/zean/latex/cheat_sheet/Freedman_LaTeXCheatSheet.aux) ) 
Here is how much of TeX's memory you used:
 374 strings out of 492982
 4608 string characters out of 6134896
 59924 words of memory out of 5000000
 3997 multiletter control sequences out of 15000+600000
 10345 words of font info for 37 fonts, out of 8000000 for 9000
 1141 hyphenation exceptions out of 8191
 23i,7n,19p,1229b,309s stack positions out of 5000i,500n,10000p,200000b,80000s
</usr/share/texlive/texmf-dist/fonts/type1/public/amsfonts/cm/cmbsy10.pfb></usr/share/texlive/texmf-dist/fonts/type1/public/amsfonts/cm/cmbx10.pfb></usr/share/texlive/texmf-dist/fonts/type1/public/amsfonts/cm/cmbx12.pfb></usr/share/texlive/texmf-dist/fonts/type1/public/amsfonts/cm/cmbxti10.pfb></usr/share/texlive/texmf-dist/fonts/type1/public/amsfonts/cm/cmcsc10.pfb></usr/share/texlive/texmf-dist/fonts/type1/public/amsfonts/cm/cmex10.pfb></usr/share/texlive/texmf-dist/fonts/type1/public/amsfonts/cm/cmmi10.pfb></usr/share/texlive/texmf-dist/fonts/type1/public/amsfonts/cm/cmmi7.pfb></usr/share/texlive/texmf-dist/fonts/type1/public/amsfonts/cm/cmr10.pfb></usr/share/texlive/texmf-dist/fonts/type1/public/amsfonts/cm/cmr12.pfb></usr/share/texlive/texmf-dist/fonts/type1/public/amsfonts/cm/cmr17.pfb></usr/share/texlive/texmf-dist/fonts/type1/public/amsfonts/cm/cmr5.pfb></usr/share/texlive/texmf-dist/fonts/type1/public/amsfonts/cm/cmr7.pfb></usr/share/texlive/texmf-dist/fonts/type1/public/amsfonts/cm/cmsy10.pfb></usr/share/texlive/texmf-dist/fonts/type1/public/amsfonts/cm/cmsy5.pfb></usr/share/texlive/texmf-dist/fonts/type1/public/amsfonts/cm/cmti10.pfb></usr/share/texlive/texmf-dist/fonts/type1/public/amsfonts/cm/cmtt10.pfb>
Output written on /home/zean/latex/cheat_sheet/Freedman_LaTeXCheatSheet.pdf (10 pages, 232503 bytes).
PDF statistics:
 105 PDF objects out of 1000 (max. 8388607)
 75 compressed objects within 1 object stream
 0 named destinations out of 1000 (max. 500000)
 1 words of extra memory for PDF output out of 10000 (max. 10000000)

